<?xml version="1.0" encoding="UTF-8"?>
<!-- Generated by org.testng.reporters.JUnitReportReporter -->
<testsuite skipped="0" hostname="Laxminarayan-s-MacBook-Pro.local" name="runner.RunCuke" tests="2" failures="0" timestamp="29 Sep 2019 19:37:36 GMT" time="69.491" errors="0">
  <testcase name="runScenario" time="33.969" classname="runner.RunCuke"/>
  <testcase name="runScenario" time="35.522" classname="runner.RunCuke"/>
</testsuite> <!-- runner.RunCuke -->
